<testsuite failures="0" name="src/test/resources/features/user/login.feature" skipped="0" tests="1" time="4.643944">
  <testcase classname="src.test.resources.features.user.login" name="Login user" time="4.643944">
    <system-out>* url baseUrl ............................................................. passed
Given path "/auth/login" .................................................. passed
And request {email: 'test@test.com',password: '12345678'} ................. passed
When method POST .......................................................... passed
Then status 201 ........................................................... passed
* def token = response.token .............................................. passed</system-out>
  </testcase>
</testsuite>
